<?xml version="1.0" encoding="UTF-8"?>
<testsuite name="com.mindex.challenge.service.impl.EmployeeServiceImplTest" tests="1" skipped="0" failures="0" errors="0" timestamp="2024-09-30T05:08:31" hostname="skippynose" time="0.129">
  <properties/>
  <testcase name="testCreateReadUpdate" classname="com.mindex.challenge.service.impl.EmployeeServiceImplTest" time="0.129"/>
  <system-out><![CDATA[2024-09-30 01:08:31.695  INFO 32355 --- [    Test worker] .b.t.c.SpringBootTestContextBootstrapper : Neither @ContextConfiguration nor @ContextHierarchy found for test class [com.mindex.challenge.service.impl.EmployeeServiceImplTest], using SpringBootContextLoader
2024-09-30 01:08:31.700  INFO 32355 --- [    Test worker] o.s.t.c.support.AbstractContextLoader    : Could not detect default resource locations for test class [com.mindex.challenge.service.impl.EmployeeServiceImplTest]: no resource found for suffixes {-context.xml, Context.groovy}.
2024-09-30 01:08:31.700  INFO 32355 --- [    Test worker] t.c.s.AnnotationConfigContextLoaderUtils : Could not detect default configuration classes for test class [com.mindex.challenge.service.impl.EmployeeServiceImplTest]: EmployeeServiceImplTest does not declare any static, non-private, non-final, nested classes annotated with @Configuration.
2024-09-30 01:08:31.704  INFO 32355 --- [    Test worker] .b.t.c.SpringBootTestContextBootstrapper : Found @SpringBootConfiguration com.mindex.challenge.ChallengeApplication for test class com.mindex.challenge.service.impl.EmployeeServiceImplTest
2024-09-30 01:08:31.707  INFO 32355 --- [    Test worker] .b.t.c.SpringBootTestContextBootstrapper : Loaded default TestExecutionListener class names from location [META-INF/spring.factories]: [org.springframework.boot.test.autoconfigure.restdocs.RestDocsTestExecutionListener, org.springframework.boot.test.autoconfigure.web.client.MockRestServiceServerResetTestExecutionListener, org.springframework.boot.test.autoconfigure.web.servlet.MockMvcPrintOnlyOnFailureTestExecutionListener, org.springframework.boot.test.autoconfigure.web.servlet.WebDriverTestExecutionListener, org.springframework.boot.test.mock.mockito.MockitoTestExecutionListener, org.springframework.boot.test.mock.mockito.ResetMocksTestExecutionListener, org.springframework.test.context.web.ServletTestExecutionListener, org.springframework.test.context.support.DirtiesContextBeforeModesTestExecutionListener, org.springframework.test.context.support.DependencyInjectionTestExecutionListener, org.springframework.test.context.support.DirtiesContextTestExecutionListener, org.springframework.test.context.transaction.TransactionalTestExecutionListener, org.springframework.test.context.jdbc.SqlScriptsTestExecutionListener, org.springframework.test.context.event.EventPublishingTestExecutionListener]
2024-09-30 01:08:31.708  INFO 32355 --- [    Test worker] .b.t.c.SpringBootTestContextBootstrapper : Using TestExecutionListeners: [org.springframework.test.context.web.ServletTestExecutionListener@4a387067, org.springframework.test.context.support.DirtiesContextBeforeModesTestExecutionListener@2122b0f8, org.springframework.boot.test.mock.mockito.MockitoTestExecutionListener@101ff47f, org.springframework.boot.test.autoconfigure.SpringBootDependencyInjectionTestExecutionListener@2266d262, org.springframework.test.context.support.DirtiesContextTestExecutionListener@2bd42501, org.springframework.test.context.transaction.TransactionalTestExecutionListener@1f45f5f3, org.springframework.test.context.jdbc.SqlScriptsTestExecutionListener@70164668, org.springframework.test.context.event.EventPublishingTestExecutionListener@64f76fca, org.springframework.boot.test.autoconfigure.restdocs.RestDocsTestExecutionListener@6e81a278, org.springframework.boot.test.autoconfigure.web.client.MockRestServiceServerResetTestExecutionListener@5e5b2836, org.springframework.boot.test.autoconfigure.web.servlet.MockMvcPrintOnlyOnFailureTestExecutionListener@1c3c0093, org.springframework.boot.test.autoconfigure.web.servlet.WebDriverTestExecutionListener@43eab5e1, org.springframework.boot.test.mock.mockito.ResetMocksTestExecutionListener@201b4d86]
2024-09-30 01:08:31.728 DEBUG 32355 --- [o-auto-1-exec-4] c.m.c.controller.EmployeeController      : Received employee create request for [com.mindex.challenge.data.Employee@ed6d029]
2024-09-30 01:08:31.728 DEBUG 32355 --- [o-auto-1-exec-4] c.m.c.service.impl.EmployeeServiceImpl   : Creating employee [com.mindex.challenge.data.Employee@ed6d029]
2024-09-30 01:08:31.755 DEBUG 32355 --- [o-auto-1-exec-5] c.m.c.controller.EmployeeController      : Received employee create request for id [17632fd1-2654-469b-8e06-441244f95a59]
2024-09-30 01:08:31.755 DEBUG 32355 --- [o-auto-1-exec-5] c.m.c.service.impl.EmployeeServiceImpl   : Creating employee with id [17632fd1-2654-469b-8e06-441244f95a59]
2024-09-30 01:08:31.799 DEBUG 32355 --- [o-auto-1-exec-6] c.m.c.controller.EmployeeController      : Received employee create request for id [17632fd1-2654-469b-8e06-441244f95a59] and employee [com.mindex.challenge.data.Employee@b56038ea]
2024-09-30 01:08:31.801 DEBUG 32355 --- [o-auto-1-exec-6] c.m.c.service.impl.EmployeeServiceImpl   : Updating employee [com.mindex.challenge.data.Employee@b56038ea]
]]></system-out>
  <system-err><![CDATA[]]></system-err>
</testsuite>
