<?xml version="1.0" encoding="UTF-8"?>
<testsuite name="com.mindex.challenge.service.impl.EmployeeServiceImplTest" tests="1" skipped="0" failures="0" errors="0" timestamp="2024-09-30T05:28:31" hostname="skippynose" time="0.044">
  <properties/>
  <testcase name="testCreateReadUpdate" classname="com.mindex.challenge.service.impl.EmployeeServiceImplTest" time="0.044"/>
  <system-out><![CDATA[2024-09-30 01:28:31.714  INFO 39051 --- [    Test worker] .b.t.c.SpringBootTestContextBootstrapper : Neither @ContextConfiguration nor @ContextHierarchy found for test class [com.mindex.challenge.service.impl.EmployeeServiceImplTest], using SpringBootContextLoader
2024-09-30 01:28:31.715  INFO 39051 --- [    Test worker] o.s.t.c.support.AbstractContextLoader    : Could not detect default resource locations for test class [com.mindex.challenge.service.impl.EmployeeServiceImplTest]: no resource found for suffixes {-context.xml, Context.groovy}.
2024-09-30 01:28:31.715  INFO 39051 --- [    Test worker] t.c.s.AnnotationConfigContextLoaderUtils : Could not detect default configuration classes for test class [com.mindex.challenge.service.impl.EmployeeServiceImplTest]: EmployeeServiceImplTest does not declare any static, non-private, non-final, nested classes annotated with @Configuration.
2024-09-30 01:28:31.716  INFO 39051 --- [    Test worker] .b.t.c.SpringBootTestContextBootstrapper : Found @SpringBootConfiguration com.mindex.challenge.ChallengeApplication for test class com.mindex.challenge.service.impl.EmployeeServiceImplTest
2024-09-30 01:28:31.717  INFO 39051 --- [    Test worker] .b.t.c.SpringBootTestContextBootstrapper : Loaded default TestExecutionListener class names from location [META-INF/spring.factories]: [org.springframework.boot.test.autoconfigure.restdocs.RestDocsTestExecutionListener, org.springframework.boot.test.autoconfigure.web.client.MockRestServiceServerResetTestExecutionListener, org.springframework.boot.test.autoconfigure.web.servlet.MockMvcPrintOnlyOnFailureTestExecutionListener, org.springframework.boot.test.autoconfigure.web.servlet.WebDriverTestExecutionListener, org.springframework.boot.test.mock.mockito.MockitoTestExecutionListener, org.springframework.boot.test.mock.mockito.ResetMocksTestExecutionListener, org.springframework.test.context.web.ServletTestExecutionListener, org.springframework.test.context.support.DirtiesContextBeforeModesTestExecutionListener, org.springframework.test.context.support.DependencyInjectionTestExecutionListener, org.springframework.test.context.support.DirtiesContextTestExecutionListener, org.springframework.test.context.transaction.TransactionalTestExecutionListener, org.springframework.test.context.jdbc.SqlScriptsTestExecutionListener, org.springframework.test.context.event.EventPublishingTestExecutionListener]
2024-09-30 01:28:31.718  INFO 39051 --- [    Test worker] .b.t.c.SpringBootTestContextBootstrapper : Using TestExecutionListeners: [org.springframework.test.context.web.ServletTestExecutionListener@2bd42501, org.springframework.test.context.support.DirtiesContextBeforeModesTestExecutionListener@1f45f5f3, org.springframework.boot.test.mock.mockito.MockitoTestExecutionListener@70164668, org.springframework.boot.test.autoconfigure.SpringBootDependencyInjectionTestExecutionListener@64f76fca, org.springframework.test.context.support.DirtiesContextTestExecutionListener@6e81a278, org.springframework.test.context.transaction.TransactionalTestExecutionListener@5e5b2836, org.springframework.test.context.jdbc.SqlScriptsTestExecutionListener@1c3c0093, org.springframework.test.context.event.EventPublishingTestExecutionListener@43eab5e1, org.springframework.boot.test.autoconfigure.restdocs.RestDocsTestExecutionListener@201b4d86, org.springframework.boot.test.autoconfigure.web.client.MockRestServiceServerResetTestExecutionListener@2786cb2b, org.springframework.boot.test.autoconfigure.web.servlet.MockMvcPrintOnlyOnFailureTestExecutionListener@5b427fd0, org.springframework.boot.test.autoconfigure.web.servlet.WebDriverTestExecutionListener@4d118ce4, org.springframework.boot.test.mock.mockito.ResetMocksTestExecutionListener@379c8fbd]
2024-09-30 01:28:31.727 DEBUG 39051 --- [o-auto-1-exec-4] c.m.c.controller.EmployeeController      : Received employee create request for [com.mindex.challenge.data.Employee@ed6d029]
2024-09-30 01:28:31.727 DEBUG 39051 --- [o-auto-1-exec-4] c.m.c.service.impl.EmployeeServiceImpl   : Creating employee [com.mindex.challenge.data.Employee@ed6d029]
2024-09-30 01:28:31.735 DEBUG 39051 --- [o-auto-1-exec-5] c.m.c.controller.EmployeeController      : Received employee create request for id [b801f4e4-181a-4ec0-a8d5-3af040eaa248]
2024-09-30 01:28:31.735 DEBUG 39051 --- [o-auto-1-exec-5] c.m.c.service.impl.EmployeeServiceImpl   : Creating employee with id [b801f4e4-181a-4ec0-a8d5-3af040eaa248]
2024-09-30 01:28:31.747 DEBUG 39051 --- [o-auto-1-exec-6] c.m.c.controller.EmployeeController      : Received employee create request for id [b801f4e4-181a-4ec0-a8d5-3af040eaa248] and employee [com.mindex.challenge.data.Employee@1f7c5cf]
2024-09-30 01:28:31.748 DEBUG 39051 --- [o-auto-1-exec-6] c.m.c.service.impl.EmployeeServiceImpl   : Updating employee [com.mindex.challenge.data.Employee@1f7c5cf]
]]></system-out>
  <system-err><![CDATA[]]></system-err>
</testsuite>
