<?xml version="1.0" encoding="UTF-8"?>
<testsuite name="com.mindex.challenge.service.impl.ReportingStructureServiceImplTest" tests="1" skipped="0" failures="0" errors="0" timestamp="2024-09-30T04:26:01" hostname="skippynose" time="0.064">
  <properties/>
  <testcase name="testCreateReadUpdate" classname="com.mindex.challenge.service.impl.ReportingStructureServiceImplTest" time="0.064"/>
  <system-out><![CDATA[2024-09-30 00:26:01.615  INFO 23372 --- [    Test worker] .b.t.c.SpringBootTestContextBootstrapper : Neither @ContextConfiguration nor @ContextHierarchy found for test class [com.mindex.challenge.service.impl.ReportingStructureServiceImplTest], using SpringBootContextLoader
2024-09-30 00:26:01.617  INFO 23372 --- [    Test worker] o.s.t.c.support.AbstractContextLoader    : Could not detect default resource locations for test class [com.mindex.challenge.service.impl.ReportingStructureServiceImplTest]: no resource found for suffixes {-context.xml, Context.groovy}.
2024-09-30 00:26:01.618  INFO 23372 --- [    Test worker] t.c.s.AnnotationConfigContextLoaderUtils : Could not detect default configuration classes for test class [com.mindex.challenge.service.impl.ReportingStructureServiceImplTest]: ReportingStructureServiceImplTest does not declare any static, non-private, non-final, nested classes annotated with @Configuration.
2024-09-30 00:26:01.620  INFO 23372 --- [    Test worker] .b.t.c.SpringBootTestContextBootstrapper : Found @SpringBootConfiguration com.mindex.challenge.ChallengeApplication for test class com.mindex.challenge.service.impl.ReportingStructureServiceImplTest
2024-09-30 00:26:01.622  INFO 23372 --- [    Test worker] .b.t.c.SpringBootTestContextBootstrapper : Loaded default TestExecutionListener class names from location [META-INF/spring.factories]: [org.springframework.boot.test.autoconfigure.restdocs.RestDocsTestExecutionListener, org.springframework.boot.test.autoconfigure.web.client.MockRestServiceServerResetTestExecutionListener, org.springframework.boot.test.autoconfigure.web.servlet.MockMvcPrintOnlyOnFailureTestExecutionListener, org.springframework.boot.test.autoconfigure.web.servlet.WebDriverTestExecutionListener, org.springframework.boot.test.mock.mockito.MockitoTestExecutionListener, org.springframework.boot.test.mock.mockito.ResetMocksTestExecutionListener, org.springframework.test.context.web.ServletTestExecutionListener, org.springframework.test.context.support.DirtiesContextBeforeModesTestExecutionListener, org.springframework.test.context.support.DependencyInjectionTestExecutionListener, org.springframework.test.context.support.DirtiesContextTestExecutionListener, org.springframework.test.context.transaction.TransactionalTestExecutionListener, org.springframework.test.context.jdbc.SqlScriptsTestExecutionListener, org.springframework.test.context.event.EventPublishingTestExecutionListener]
2024-09-30 00:26:01.623  INFO 23372 --- [    Test worker] .b.t.c.SpringBootTestContextBootstrapper : Using TestExecutionListeners: [org.springframework.test.context.web.ServletTestExecutionListener@583899c1, org.springframework.test.context.support.DirtiesContextBeforeModesTestExecutionListener@1565a6b0, org.springframework.boot.test.mock.mockito.MockitoTestExecutionListener@4c22ae45, org.springframework.boot.test.autoconfigure.SpringBootDependencyInjectionTestExecutionListener@62d48349, org.springframework.test.context.support.DirtiesContextTestExecutionListener@7ebef843, org.springframework.test.context.transaction.TransactionalTestExecutionListener@46568102, org.springframework.test.context.jdbc.SqlScriptsTestExecutionListener@1fdf4f0b, org.springframework.test.context.event.EventPublishingTestExecutionListener@59574972, org.springframework.boot.test.autoconfigure.restdocs.RestDocsTestExecutionListener@50a2defb, org.springframework.boot.test.autoconfigure.web.client.MockRestServiceServerResetTestExecutionListener@228e0b7c, org.springframework.boot.test.autoconfigure.web.servlet.MockMvcPrintOnlyOnFailureTestExecutionListener@47ccaf31, org.springframework.boot.test.autoconfigure.web.servlet.WebDriverTestExecutionListener@24336263, org.springframework.boot.test.mock.mockito.ResetMocksTestExecutionListener@62a02518]
DO THIS SHIT RIGHT HERE
2024-09-30 00:26:01.649 DEBUG 23372 --- [o-auto-1-exec-3] c.m.c.service.impl.EmployeeServiceImpl   : Creating employee with id [16a596ae-edd3-4847-99fe-c4518e82c86f]
2024-09-30 00:26:01.653 DEBUG 23372 --- [o-auto-1-exec-3] c.m.c.service.impl.EmployeeServiceImpl   : Creating employee with id [16a596ae-edd3-4847-99fe-c4518e82c86f]
2024-09-30 00:26:01.660 DEBUG 23372 --- [o-auto-1-exec-3] c.m.c.service.impl.EmployeeServiceImpl   : Creating employee with id [b7839309-3348-463b-a7e3-5de1c168beb3]
2024-09-30 00:26:01.664 DEBUG 23372 --- [o-auto-1-exec-3] c.m.c.service.impl.EmployeeServiceImpl   : Creating employee with id [03aa1462-ffa9-4978-901b-7c001562cf6f]
2024-09-30 00:26:01.670 DEBUG 23372 --- [o-auto-1-exec-3] c.m.c.service.impl.EmployeeServiceImpl   : Creating employee with id [62c1084e-6e34-4630-93fd-9153afb65309]
2024-09-30 00:26:01.673 DEBUG 23372 --- [o-auto-1-exec-3] c.m.c.service.impl.EmployeeServiceImpl   : Creating employee with id [c0c2293d-16bd-4603-8e08-638a9d18b22c]
]]></system-out>
  <system-err><![CDATA[]]></system-err>
</testsuite>
