<?xml version="1.0" encoding="UTF-8"?>
<testsuite name="com.mindex.challenge.service.impl.EmployeeServiceImplTest" tests="1" skipped="0" failures="0" errors="0" timestamp="2024-09-30T04:26:01" hostname="skippynose" time="0.067">
  <properties/>
  <testcase name="testCreateReadUpdate" classname="com.mindex.challenge.service.impl.EmployeeServiceImplTest" time="0.067"/>
  <system-out><![CDATA[2024-09-30 00:26:01.697  INFO 23372 --- [    Test worker] .b.t.c.SpringBootTestContextBootstrapper : Neither @ContextConfiguration nor @ContextHierarchy found for test class [com.mindex.challenge.service.impl.EmployeeServiceImplTest], using SpringBootContextLoader
2024-09-30 00:26:01.698  INFO 23372 --- [    Test worker] o.s.t.c.support.AbstractContextLoader    : Could not detect default resource locations for test class [com.mindex.challenge.service.impl.EmployeeServiceImplTest]: no resource found for suffixes {-context.xml, Context.groovy}.
2024-09-30 00:26:01.699  INFO 23372 --- [    Test worker] t.c.s.AnnotationConfigContextLoaderUtils : Could not detect default configuration classes for test class [com.mindex.challenge.service.impl.EmployeeServiceImplTest]: EmployeeServiceImplTest does not declare any static, non-private, non-final, nested classes annotated with @Configuration.
2024-09-30 00:26:01.701  INFO 23372 --- [    Test worker] .b.t.c.SpringBootTestContextBootstrapper : Found @SpringBootConfiguration com.mindex.challenge.ChallengeApplication for test class com.mindex.challenge.service.impl.EmployeeServiceImplTest
2024-09-30 00:26:01.703  INFO 23372 --- [    Test worker] .b.t.c.SpringBootTestContextBootstrapper : Loaded default TestExecutionListener class names from location [META-INF/spring.factories]: [org.springframework.boot.test.autoconfigure.restdocs.RestDocsTestExecutionListener, org.springframework.boot.test.autoconfigure.web.client.MockRestServiceServerResetTestExecutionListener, org.springframework.boot.test.autoconfigure.web.servlet.MockMvcPrintOnlyOnFailureTestExecutionListener, org.springframework.boot.test.autoconfigure.web.servlet.WebDriverTestExecutionListener, org.springframework.boot.test.mock.mockito.MockitoTestExecutionListener, org.springframework.boot.test.mock.mockito.ResetMocksTestExecutionListener, org.springframework.test.context.web.ServletTestExecutionListener, org.springframework.test.context.support.DirtiesContextBeforeModesTestExecutionListener, org.springframework.test.context.support.DependencyInjectionTestExecutionListener, org.springframework.test.context.support.DirtiesContextTestExecutionListener, org.springframework.test.context.transaction.TransactionalTestExecutionListener, org.springframework.test.context.jdbc.SqlScriptsTestExecutionListener, org.springframework.test.context.event.EventPublishingTestExecutionListener]
2024-09-30 00:26:01.703  INFO 23372 --- [    Test worker] .b.t.c.SpringBootTestContextBootstrapper : Using TestExecutionListeners: [org.springframework.test.context.web.ServletTestExecutionListener@101ff47f, org.springframework.test.context.support.DirtiesContextBeforeModesTestExecutionListener@2266d262, org.springframework.boot.test.mock.mockito.MockitoTestExecutionListener@2bd42501, org.springframework.boot.test.autoconfigure.SpringBootDependencyInjectionTestExecutionListener@1f45f5f3, org.springframework.test.context.support.DirtiesContextTestExecutionListener@70164668, org.springframework.test.context.transaction.TransactionalTestExecutionListener@64f76fca, org.springframework.test.context.jdbc.SqlScriptsTestExecutionListener@6e81a278, org.springframework.test.context.event.EventPublishingTestExecutionListener@5e5b2836, org.springframework.boot.test.autoconfigure.restdocs.RestDocsTestExecutionListener@1c3c0093, org.springframework.boot.test.autoconfigure.web.client.MockRestServiceServerResetTestExecutionListener@43eab5e1, org.springframework.boot.test.autoconfigure.web.servlet.MockMvcPrintOnlyOnFailureTestExecutionListener@201b4d86, org.springframework.boot.test.autoconfigure.web.servlet.WebDriverTestExecutionListener@2786cb2b, org.springframework.boot.test.mock.mockito.ResetMocksTestExecutionListener@5b427fd0]
2024-09-30 00:26:01.741 DEBUG 23372 --- [o-auto-1-exec-4] c.m.c.controller.EmployeeController      : Received employee create request for [com.mindex.challenge.data.Employee@ed6d029]
2024-09-30 00:26:01.741 DEBUG 23372 --- [o-auto-1-exec-4] c.m.c.service.impl.EmployeeServiceImpl   : Creating employee [com.mindex.challenge.data.Employee@ed6d029]
2024-09-30 00:26:01.757 DEBUG 23372 --- [o-auto-1-exec-5] c.m.c.controller.EmployeeController      : Received employee create request for id [947a989b-f154-40c7-a691-7c9c781e5bdc]
2024-09-30 00:26:01.757 DEBUG 23372 --- [o-auto-1-exec-5] c.m.c.service.impl.EmployeeServiceImpl   : Creating employee with id [947a989b-f154-40c7-a691-7c9c781e5bdc]
2024-09-30 00:26:01.771 DEBUG 23372 --- [o-auto-1-exec-6] c.m.c.controller.EmployeeController      : Received employee create request for id [947a989b-f154-40c7-a691-7c9c781e5bdc] and employee [com.mindex.challenge.data.Employee@3ac8f72a]
2024-09-30 00:26:01.771 DEBUG 23372 --- [o-auto-1-exec-6] c.m.c.service.impl.EmployeeServiceImpl   : Updating employee [com.mindex.challenge.data.Employee@3ac8f72a]
]]></system-out>
  <system-err><![CDATA[]]></system-err>
</testsuite>
