<?xml version="1.0" encoding="UTF-8"?>
<testsuite name="com.mindex.challenge.ChallengeApplicationTests" tests="1" skipped="0" failures="0" errors="0" timestamp="2024-09-30T04:26:01" hostname="skippynose" time="0.003">
  <properties/>
  <testcase name="contextLoads" classname="com.mindex.challenge.ChallengeApplicationTests" time="0.003"/>
  <system-out><![CDATA[2024-09-30 00:26:01.794  INFO 23372 --- [    Test worker] .b.t.c.SpringBootTestContextBootstrapper : Neither @ContextConfiguration nor @ContextHierarchy found for test class [com.mindex.challenge.ChallengeApplicationTests], using SpringBootContextLoader
2024-09-30 00:26:01.795  INFO 23372 --- [    Test worker] o.s.t.c.support.AbstractContextLoader    : Could not detect default resource locations for test class [com.mindex.challenge.ChallengeApplicationTests]: no resource found for suffixes {-context.xml, Context.groovy}.
2024-09-30 00:26:01.796  INFO 23372 --- [    Test worker] t.c.s.AnnotationConfigContextLoaderUtils : Could not detect default configuration classes for test class [com.mindex.challenge.ChallengeApplicationTests]: ChallengeApplicationTests does not declare any static, non-private, non-final, nested classes annotated with @Configuration.
2024-09-30 00:26:01.798  INFO 23372 --- [    Test worker] .b.t.c.SpringBootTestContextBootstrapper : Found @SpringBootConfiguration com.mindex.challenge.ChallengeApplication for test class com.mindex.challenge.ChallengeApplicationTests
2024-09-30 00:26:01.800  INFO 23372 --- [    Test worker] .b.t.c.SpringBootTestContextBootstrapper : Loaded default TestExecutionListener class names from location [META-INF/spring.factories]: [org.springframework.boot.test.autoconfigure.restdocs.RestDocsTestExecutionListener, org.springframework.boot.test.autoconfigure.web.client.MockRestServiceServerResetTestExecutionListener, org.springframework.boot.test.autoconfigure.web.servlet.MockMvcPrintOnlyOnFailureTestExecutionListener, org.springframework.boot.test.autoconfigure.web.servlet.WebDriverTestExecutionListener, org.springframework.boot.test.mock.mockito.MockitoTestExecutionListener, org.springframework.boot.test.mock.mockito.ResetMocksTestExecutionListener, org.springframework.test.context.web.ServletTestExecutionListener, org.springframework.test.context.support.DirtiesContextBeforeModesTestExecutionListener, org.springframework.test.context.support.DependencyInjectionTestExecutionListener, org.springframework.test.context.support.DirtiesContextTestExecutionListener, org.springframework.test.context.transaction.TransactionalTestExecutionListener, org.springframework.test.context.jdbc.SqlScriptsTestExecutionListener, org.springframework.test.context.event.EventPublishingTestExecutionListener]
2024-09-30 00:26:01.801  INFO 23372 --- [    Test worker] .b.t.c.SpringBootTestContextBootstrapper : Using TestExecutionListeners: [org.springframework.test.context.web.ServletTestExecutionListener@adda974, org.springframework.test.context.support.DirtiesContextBeforeModesTestExecutionListener@2b55f9bb, org.springframework.boot.test.mock.mockito.MockitoTestExecutionListener@79316a51, org.springframework.boot.test.autoconfigure.SpringBootDependencyInjectionTestExecutionListener@1db56baf, org.springframework.test.context.support.DirtiesContextTestExecutionListener@7ac4e764, org.springframework.test.context.transaction.TransactionalTestExecutionListener@7e5851a6, org.springframework.test.context.jdbc.SqlScriptsTestExecutionListener@c49dfde, org.springframework.test.context.event.EventPublishingTestExecutionListener@3a9725eb, org.springframework.boot.test.autoconfigure.restdocs.RestDocsTestExecutionListener@67351a1a, org.springframework.boot.test.autoconfigure.web.client.MockRestServiceServerResetTestExecutionListener@5b5ca23b, org.springframework.boot.test.autoconfigure.web.servlet.MockMvcPrintOnlyOnFailureTestExecutionListener@19a921a1, org.springframework.boot.test.autoconfigure.web.servlet.WebDriverTestExecutionListener@1a92f702, org.springframework.boot.test.mock.mockito.ResetMocksTestExecutionListener@55b8db80]
]]></system-out>
  <system-err><![CDATA[]]></system-err>
</testsuite>
